2021-09-05 13:27:26 - Starting TodoApplication on EGID-HFadel with PID 16920 (started by hfadel in D:\Eclipse\7.spring-tool-suite-3.9.4.RELEASE-e4.7.3a-win32-x86_64\02.Workspace\Spring Json Projects\Chating-rest-api)
2021-09-05 13:27:26 - No active profile set, falling back to default profiles: default
2021-09-05 13:27:26 - Refreshing org.springframework.boot.web.servlet.context.AnnotationConfigServletWebServerApplicationContext@7d3fa466: startup date [Sun Sep 05 13:27:26 EEST 2021]; root of context hierarchy
2021-09-05 13:27:27 - Bean 'org.springframework.transaction.annotation.ProxyTransactionManagementConfiguration' of type [org.springframework.transaction.annotation.ProxyTransactionManagementConfiguration$$EnhancerBySpringCGLIB$$9dd42e2f] is not eligible for getting processed by all BeanPostProcessors (for example: not eligible for auto-proxying)
2021-09-05 13:27:28 - An incompatible version [1.1.32] of the APR based Apache Tomcat Native library is installed, while Tomcat requires version [1.2.14]
2021-09-05 13:27:28 - Tomcat initialized with port(s): 8081 (http)
2021-09-05 13:27:28 - An incompatible version [1.1.32] of the APR based Apache Tomcat Native library is installed, while Tomcat requires version [1.2.14]
2021-09-05 13:27:28 - Initializing ProtocolHandler ["http-nio-8081"]
2021-09-05 13:27:28 - Starting service [Tomcat]
2021-09-05 13:27:28 - Starting Servlet Engine: Apache Tomcat/8.5.32
2021-09-05 13:27:28 - An incompatible version [1.1.32] of the APR based Apache Tomcat Native library is installed, while Tomcat requires version [1.2.14]
2021-09-05 13:27:28 - Initializing Spring embedded WebApplicationContext
2021-09-05 13:27:28 - Root WebApplicationContext: initialization completed in 2297 ms
2021-09-05 13:27:29 - Loaded JDBC driver: com.microsoft.sqlserver.jdbc.SQLServerDriver
2021-09-05 13:27:29 - Building JPA container EntityManagerFactory for persistence unit 'default'
2021-09-05 13:27:29 - HHH000204: Processing PersistenceUnitInfo [
	name: default
	...]
2021-09-05 13:27:29 - HHH000412: Hibernate Core {5.2.17.Final}
2021-09-05 13:27:29 - HHH000206: hibernate.properties not found
2021-09-05 13:27:29 - HCANN000001: Hibernate Commons Annotations {5.0.1.Final}
2021-09-05 13:27:29 - HHH000400: Using dialect: org.hibernate.dialect.SQLServer2012Dialect
2021-09-05 13:27:30 - Initialized JPA EntityManagerFactory for persistence unit 'default'
2021-09-05 13:27:30 - Mapping filter: 'characterEncodingFilter' to: [/*]
2021-09-05 13:27:30 - Mapping filter: 'hiddenHttpMethodFilter' to: [/*]
2021-09-05 13:27:30 - Mapping filter: 'httpPutFormContentFilter' to: [/*]
2021-09-05 13:27:30 - Mapping filter: 'requestContextFilter' to: [/*]
2021-09-05 13:27:30 - Mapping filter: 'springSecurityFilterChain' to: [/*]
2021-09-05 13:27:30 - Mapping filter: 'authFilter' to: [/*]
2021-09-05 13:27:30 - Servlet dispatcherServlet mapped to [/]
2021-09-05 13:27:30 - Initializing ExecutorService  'clientInboundChannelExecutor'
2021-09-05 13:27:30 - Initializing ExecutorService  'clientOutboundChannelExecutor'
2021-09-05 13:27:30 - Initializing ExecutorService  'messageBrokerTaskScheduler'
2021-09-05 13:27:30 - Mapped URL path [/stomp/**] onto handler of type [class org.springframework.web.socket.sockjs.support.SockJsHttpRequestHandler]
2021-09-05 13:27:30 - Initializing ExecutorService  'brokerChannelExecutor'
2021-09-05 13:27:30 - Mapped "{[/chat],messageType=[MESSAGE]}" onto public com.abolkog.springboot.tut.chatingController.ChatOutput com.abolkog.springboot.tut.chatingController.ChatAppController.chat(com.abolkog.springboot.tut.chatingController.ChatInput)
2021-09-05 13:27:30 - Mapped "{[/broadcast],messageType=[MESSAGE]}" onto public com.abolkog.springboot.tut.messagingstompwebsocket.ChatMessage com.abolkog.springboot.tut.messagingstompwebsocket.GreetingController.send(com.abolkog.springboot.tut.messagingstompwebsocket.ChatMessage) throws java.lang.Exception
2021-09-05 13:27:31 - Creating filter chain: org.springframework.security.web.util.matcher.AnyRequestMatcher@1, [org.springframework.security.web.context.request.async.WebAsyncManagerIntegrationFilter@4222755f, org.springframework.security.web.context.SecurityContextPersistenceFilter@bae55e1, org.springframework.security.web.header.HeaderWriterFilter@58265e3a, org.springframework.security.web.authentication.logout.LogoutFilter@5474507b, com.abolkog.springboot.tut.security.AuthFilter@5fee6322, org.springframework.security.web.savedrequest.RequestCacheAwareFilter@335a0725, org.springframework.security.web.servletapi.SecurityContextHolderAwareRequestFilter@1a196de5, org.springframework.security.web.authentication.AnonymousAuthenticationFilter@1f15df56, org.springframework.security.web.session.SessionManagementFilter@1e96d51a, org.springframework.security.web.access.ExceptionTranslationFilter@1dfc29bb, org.springframework.security.web.access.intercept.FilterSecurityInterceptor@6fdb636e]
2021-09-05 13:27:31 - Mapped URL path [/**/favicon.ico] onto handler of type [class org.springframework.web.servlet.resource.ResourceHttpRequestHandler]
2021-09-05 13:27:31 - Looking for @ControllerAdvice: org.springframework.boot.web.servlet.context.AnnotationConfigServletWebServerApplicationContext@7d3fa466: startup date [Sun Sep 05 13:27:26 EEST 2021]; root of context hierarchy
2021-09-05 13:27:31 - Mapped "{[/api/v1/data || /api/v1/data/],methods=[GET]}" onto public org.springframework.http.ResponseEntity<com.abolkog.springboot.tut.chat.Chart> com.abolkog.springboot.tut.chat.DataController.getAllTodos()
2021-09-05 13:27:31 - Mapped "{[/start]}" onto public java.lang.String com.abolkog.springboot.tut.chatingController.ChatAppController.start()
2021-09-05 13:27:31 - Mapped "{[/]}" onto public java.lang.String com.abolkog.springboot.tut.home.HomeController.greeting()
2021-09-05 13:27:31 - Mapped "{[/{name}],methods=[GET]}" onto public java.lang.String com.abolkog.springboot.tut.home.HomeController.greetingWithName(java.lang.String)
2021-09-05 13:27:31 - Mapped "{[/stomp-broadcast],methods=[GET]}" onto public java.lang.String com.abolkog.springboot.tut.messagingstompwebsocket.GreetingController.getWebSocketBroadcast()
2021-09-05 13:27:31 - Mapped "{[/api/v1/auth || /api/v1/auth/],methods=[POST]}" onto public com.abolkog.springboot.tut.security.JwtResponse com.abolkog.springboot.tut.security.AuthController.signIn(com.abolkog.springboot.tut.security.SignInRequest)
2021-09-05 13:27:31 - Mapped "{[/api/v1/todos || /api/v1/todos/],methods=[GET]}" onto public org.springframework.http.ResponseEntity<java.util.List<com.abolkog.springboot.tut.model.entity.Todo>> com.abolkog.springboot.tut.todos.TodoController.getAllTodos()
2021-09-05 13:27:31 - Mapped "{[/api/v1/todos/{id}],methods=[GET]}" onto public org.springframework.http.ResponseEntity<com.abolkog.springboot.tut.model.entity.Todo> com.abolkog.springboot.tut.todos.TodoController.getTodoById(int)
2021-09-05 13:27:31 - Mapped "{[/api/v1/todos/{id}],methods=[DELETE]}" onto public org.springframework.http.ResponseEntity<java.lang.Void> com.abolkog.springboot.tut.todos.TodoController.deleteTodo(int)
2021-09-05 13:27:31 - Mapped "{[/api/v1/todos || /api/v1/todos/],methods=[POST]}" onto public org.springframework.http.ResponseEntity<com.abolkog.springboot.tut.model.entity.Todo> com.abolkog.springboot.tut.todos.TodoController.createNewTodo(com.abolkog.springboot.tut.model.entity.Todo)
2021-09-05 13:27:31 - Mapped "{[/error]}" onto public org.springframework.http.ResponseEntity<java.util.Map<java.lang.String, java.lang.Object>> org.springframework.boot.autoconfigure.web.servlet.error.BasicErrorController.error(javax.servlet.http.HttpServletRequest)
2021-09-05 13:27:31 - Mapped "{[/error],produces=[text/html]}" onto public org.springframework.web.servlet.ModelAndView org.springframework.boot.autoconfigure.web.servlet.error.BasicErrorController.errorHtml(javax.servlet.http.HttpServletRequest,javax.servlet.http.HttpServletResponse)
2021-09-05 13:27:31 - Mapped URL path [/webjars/**] onto handler of type [class org.springframework.web.servlet.resource.ResourceHttpRequestHandler]
2021-09-05 13:27:31 - Mapped URL path [/**] onto handler of type [class org.springframework.web.servlet.resource.ResourceHttpRequestHandler]
2021-09-05 13:27:31 - Detected @ExceptionHandler methods in apiExceptionsHandler
2021-09-05 13:27:31 - Adding welcome page: class path resource [static/index.html]
2021-09-05 13:27:31 - LiveReload server is running on port 35729
2021-09-05 13:27:31 - Registering beans for JMX exposure on startup
2021-09-05 13:27:31 - Starting beans in phase 2147483647
2021-09-05 13:27:31 - Starting...
2021-09-05 13:27:31 - BrokerAvailabilityEvent[available=true, SimpleBrokerMessageHandler [DefaultSubscriptionRegistry[cache[0 destination(s)], registry[0 sessions]]]]
2021-09-05 13:27:31 - Started.
2021-09-05 13:27:31 - Starting ProtocolHandler ["http-nio-8081"]
2021-09-05 13:27:31 - Using a shared selector for servlet write/read
2021-09-05 13:27:31 - Tomcat started on port(s): 8081 (http) with context path ''
2021-09-05 13:27:31 - Started TodoApplication in 5.73 seconds (JVM running for 14.367)
2021-09-05 13:27:31 - HHH000397: Using ASTQueryTranslatorFactory
2021-09-05 13:28:30 - WebSocketSession[0 current WS(0)-HttpStream(0)-HttpPoll(0), 0 total, 0 closed abnormally (0 connect failure, 0 send limit, 0 transport error)], stompSubProtocol[processed CONNECT(0)-CONNECTED(0)-DISCONNECT(0)], stompBrokerRelay[null], inboundChannel[pool size = 0, active threads = 0, queued tasks = 0, completed tasks = 0], outboundChannelpool size = 0, active threads = 0, queued tasks = 0, completed tasks = 0], sockJsScheduler[pool size = 1, active threads = 1, queued tasks = 0, completed tasks = 0]
2021-09-05 13:28:57 - An incompatible version [1.1.32] of the APR based Apache Tomcat Native library is installed, while Tomcat requires version [1.2.14]
2021-09-05 13:28:57 - Initializing Spring FrameworkServlet 'dispatcherServlet'
2021-09-05 13:28:57 - FrameworkServlet 'dispatcherServlet': initialization started
2021-09-05 13:28:57 - FrameworkServlet 'dispatcherServlet': initialization completed in 25 ms
2021-09-05 13:28:58 - Expiration Date: Oct 5, 2021 12:28:58 PM
2021-09-05 13:28:58 - token:>>>>>>>>>>>>>>>>>> eyJhbGciOiJIUzI1NiJ9.eyJzdWIiOiJlbmcuaG91c3NhbUBob3RtYWlsLmNvbSIsImNyZWF0ZWQiOjE2MzA4Mzc3MzgyMDQsImV4cCI6MTYzMzQyOTczOH0.2JGMcija25Zf_X-_-5DRY1dAJ1P_yoyQLu12HCUJEAk
2021-09-05 13:28:58 - token: >>>>>>>>>>>>>>>> eyJhbGciOiJIUzI1NiJ9.eyJzdWIiOiJlbmcuaG91c3NhbUBob3RtYWlsLmNvbSIsImNyZWF0ZWQiOjE2MzA4Mzc3MzgyMDQsImV4cCI6MTYzMzQyOTczOH0.2JGMcija25Zf_X-_-5DRY1dAJ1P_yoyQLu12HCUJEAk
2021-09-05 13:34:47 - Application shutdown requested.
2021-09-05 13:34:47 - Closing org.springframework.boot.web.servlet.context.AnnotationConfigServletWebServerApplicationContext@7d3fa466: startup date [Sun Sep 05 13:27:26 EEST 2021]; root of context hierarchy
2021-09-05 13:34:47 - Stopping beans in phase 2147483647
2021-09-05 13:34:47 - Stopping...
2021-09-05 13:34:47 - BrokerAvailabilityEvent[available=false, SimpleBrokerMessageHandler [DefaultSubscriptionRegistry[cache[0 destination(s)], registry[0 sessions]]]]
2021-09-05 13:34:47 - Stopped.
2021-09-05 13:34:47 - Unregistering JMX-exposed beans on shutdown
2021-09-05 13:34:47 - Shutting down ExecutorService 'brokerChannelExecutor'
2021-09-05 13:34:47 - Shutting down ExecutorService 'messageBrokerTaskScheduler'
2021-09-05 13:34:47 - Shutting down ExecutorService 'clientOutboundChannelExecutor'
2021-09-05 13:34:47 - Shutting down ExecutorService 'clientInboundChannelExecutor'
2021-09-05 13:34:47 - Closing JPA EntityManagerFactory for persistence unit 'default'
