2021-06-20 15:08:31 - Starting TodoApplication on EGID-HFadel with PID 15448 (started by hfadel in D:\Eclipse\7.spring-tool-suite-3.9.4.RELEASE-e4.7.3a-win32-x86_64\02.Workspace\Spring Json Projects\Chating-rest-api)
2021-06-20 15:08:31 - No active profile set, falling back to default profiles: default
2021-06-20 15:08:31 - Refreshing org.springframework.boot.web.servlet.context.AnnotationConfigServletWebServerApplicationContext@6db16dbd: startup date [Sun Jun 20 15:08:31 EEST 2021]; root of context hierarchy
2021-06-20 15:08:33 - Bean 'org.springframework.transaction.annotation.ProxyTransactionManagementConfiguration' of type [org.springframework.transaction.annotation.ProxyTransactionManagementConfiguration$$EnhancerBySpringCGLIB$$a81542a] is not eligible for getting processed by all BeanPostProcessors (for example: not eligible for auto-proxying)
2021-06-20 15:08:33 - An incompatible version [1.1.32] of the APR based Apache Tomcat Native library is installed, while Tomcat requires version [1.2.14]
2021-06-20 15:08:33 - Tomcat initialized with port(s): 8081 (http)
2021-06-20 15:08:33 - An incompatible version [1.1.32] of the APR based Apache Tomcat Native library is installed, while Tomcat requires version [1.2.14]
2021-06-20 15:08:33 - Initializing ProtocolHandler ["http-nio-8081"]
2021-06-20 15:08:33 - Starting service [Tomcat]
2021-06-20 15:08:33 - Starting Servlet Engine: Apache Tomcat/8.5.32
2021-06-20 15:08:33 - An incompatible version [1.1.32] of the APR based Apache Tomcat Native library is installed, while Tomcat requires version [1.2.14]
2021-06-20 15:08:33 - Initializing Spring embedded WebApplicationContext
2021-06-20 15:08:33 - Root WebApplicationContext: initialization completed in 2253 ms
2021-06-20 15:08:34 - Loaded JDBC driver: com.microsoft.sqlserver.jdbc.SQLServerDriver
2021-06-20 15:08:34 - Building JPA container EntityManagerFactory for persistence unit 'default'
2021-06-20 15:08:34 - HHH000204: Processing PersistenceUnitInfo [
	name: default
	...]
2021-06-20 15:08:34 - HHH000412: Hibernate Core {5.2.17.Final}
2021-06-20 15:08:34 - HHH000206: hibernate.properties not found
2021-06-20 15:08:34 - HCANN000001: Hibernate Commons Annotations {5.0.1.Final}
2021-06-20 15:08:34 - HHH000400: Using dialect: org.hibernate.dialect.SQLServer2012Dialect
2021-06-20 15:08:35 - Initialized JPA EntityManagerFactory for persistence unit 'default'
2021-06-20 15:08:35 - Mapping filter: 'characterEncodingFilter' to: [/*]
2021-06-20 15:08:35 - Mapping filter: 'hiddenHttpMethodFilter' to: [/*]
2021-06-20 15:08:35 - Mapping filter: 'httpPutFormContentFilter' to: [/*]
2021-06-20 15:08:35 - Mapping filter: 'requestContextFilter' to: [/*]
2021-06-20 15:08:35 - Mapping filter: 'springSecurityFilterChain' to: [/*]
2021-06-20 15:08:35 - Mapping filter: 'authFilter' to: [/*]
2021-06-20 15:08:35 - Servlet dispatcherServlet mapped to [/]
2021-06-20 15:08:36 - Creating filter chain: org.springframework.security.web.util.matcher.AnyRequestMatcher@1, [org.springframework.security.web.context.request.async.WebAsyncManagerIntegrationFilter@564c05af, org.springframework.security.web.context.SecurityContextPersistenceFilter@3c61e08d, org.springframework.security.web.header.HeaderWriterFilter@3ef59cdc, org.springframework.security.web.authentication.logout.LogoutFilter@dcafd01, com.abolkog.springboot.tut.security.AuthFilter@9982fd4, org.springframework.security.web.savedrequest.RequestCacheAwareFilter@6cd9dbf9, org.springframework.security.web.servletapi.SecurityContextHolderAwareRequestFilter@35e520eb, org.springframework.security.web.authentication.AnonymousAuthenticationFilter@18bd5f8e, org.springframework.security.web.session.SessionManagementFilter@60666a17, org.springframework.security.web.access.ExceptionTranslationFilter@58adc5a8, org.springframework.security.web.access.intercept.FilterSecurityInterceptor@5a1e4103]
2021-06-20 15:08:36 - Mapped URL path [/**/favicon.ico] onto handler of type [class org.springframework.web.servlet.resource.ResourceHttpRequestHandler]
2021-06-20 15:08:36 - Looking for @ControllerAdvice: org.springframework.boot.web.servlet.context.AnnotationConfigServletWebServerApplicationContext@6db16dbd: startup date [Sun Jun 20 15:08:31 EEST 2021]; root of context hierarchy
2021-06-20 15:08:36 - Mapped "{[/api/v1/data || /api/v1/data/],methods=[GET]}" onto public org.springframework.http.ResponseEntity<com.abolkog.springboot.tut.chat.Chart> com.abolkog.springboot.tut.chat.DataController.getAllTodos()
2021-06-20 15:08:36 - Mapped "{[/]}" onto public java.lang.String com.abolkog.springboot.tut.home.HomeController.greeting()
2021-06-20 15:08:36 - Mapped "{[/{name}],methods=[GET]}" onto public java.lang.String com.abolkog.springboot.tut.home.HomeController.greetingWithName(java.lang.String)
2021-06-20 15:08:36 - Mapped "{[/api/v1/auth || /api/v1/auth/],methods=[POST]}" onto public com.abolkog.springboot.tut.security.JwtResponse com.abolkog.springboot.tut.security.AuthController.signIn(com.abolkog.springboot.tut.security.SignInRequest)
2021-06-20 15:08:36 - Mapped "{[/api/v1/todos || /api/v1/todos/],methods=[GET]}" onto public org.springframework.http.ResponseEntity<java.util.List<com.abolkog.springboot.tut.model.entity.Todo>> com.abolkog.springboot.tut.todos.TodoController.getAllTodos()
2021-06-20 15:08:36 - Mapped "{[/api/v1/todos || /api/v1/todos/],methods=[POST]}" onto public org.springframework.http.ResponseEntity<com.abolkog.springboot.tut.model.entity.Todo> com.abolkog.springboot.tut.todos.TodoController.createNewTodo(com.abolkog.springboot.tut.model.entity.Todo)
2021-06-20 15:08:36 - Mapped "{[/api/v1/todos/{id}],methods=[DELETE]}" onto public org.springframework.http.ResponseEntity<java.lang.Void> com.abolkog.springboot.tut.todos.TodoController.deleteTodo(int)
2021-06-20 15:08:36 - Mapped "{[/api/v1/todos/{id}],methods=[GET]}" onto public org.springframework.http.ResponseEntity<com.abolkog.springboot.tut.model.entity.Todo> com.abolkog.springboot.tut.todos.TodoController.getTodoById(int)
2021-06-20 15:08:36 - Mapped "{[/error]}" onto public org.springframework.http.ResponseEntity<java.util.Map<java.lang.String, java.lang.Object>> org.springframework.boot.autoconfigure.web.servlet.error.BasicErrorController.error(javax.servlet.http.HttpServletRequest)
2021-06-20 15:08:36 - Mapped "{[/error],produces=[text/html]}" onto public org.springframework.web.servlet.ModelAndView org.springframework.boot.autoconfigure.web.servlet.error.BasicErrorController.errorHtml(javax.servlet.http.HttpServletRequest,javax.servlet.http.HttpServletResponse)
2021-06-20 15:08:36 - Mapped URL path [/webjars/**] onto handler of type [class org.springframework.web.servlet.resource.ResourceHttpRequestHandler]
2021-06-20 15:08:36 - Mapped URL path [/**] onto handler of type [class org.springframework.web.servlet.resource.ResourceHttpRequestHandler]
2021-06-20 15:08:36 - Detected @ExceptionHandler methods in apiExceptionsHandler
2021-06-20 15:08:36 - LiveReload server is running on port 35729
2021-06-20 15:08:36 - Registering beans for JMX exposure on startup
2021-06-20 15:08:36 - Starting ProtocolHandler ["http-nio-8081"]
2021-06-20 15:08:36 - Using a shared selector for servlet write/read
2021-06-20 15:08:36 - Tomcat started on port(s): 8081 (http) with context path ''
2021-06-20 15:08:36 - Started TodoApplication in 6.316 seconds (JVM running for 7.945)
2021-06-20 15:08:37 - HHH000397: Using ASTQueryTranslatorFactory
2021-06-20 15:12:16 - An incompatible version [1.1.32] of the APR based Apache Tomcat Native library is installed, while Tomcat requires version [1.2.14]
2021-06-20 15:12:16 - Initializing Spring FrameworkServlet 'dispatcherServlet'
2021-06-20 15:12:16 - FrameworkServlet 'dispatcherServlet': initialization started
2021-06-20 15:12:16 - FrameworkServlet 'dispatcherServlet': initialization completed in 25 ms
2021-06-20 15:14:46 - Application shutdown requested.
2021-06-20 15:14:46 - Closing org.springframework.boot.web.servlet.context.AnnotationConfigServletWebServerApplicationContext@6db16dbd: startup date [Sun Jun 20 15:08:31 EEST 2021]; root of context hierarchy
2021-06-20 15:14:46 - Unregistering JMX-exposed beans on shutdown
2021-06-20 15:14:46 - Closing JPA EntityManagerFactory for persistence unit 'default'
